<?xml version="1.0" encoding="UTF-8"?>
<!-- Generated by org.testng.reporters.JUnitReportReporter -->
<testsuite hostname="DESKTOP-A5JFSKS" failures="0" tests="2" name="com.test.MavenPractice.mavenPractice1Test" time="0.026" errors="0" timestamp="20 Jul 2022 09:08:39 GMT">
  <testcase classname="com.test.MavenPractice.mavenPractice1Test" name="mavenPractice2Test" time="0.024"/>
  <testcase classname="com.test.MavenPractice.mavenPractice1Test" name="mavenPracticeTest" time="0.002"/>
</testsuite> <!-- com.test.MavenPractice.mavenPractice1Test -->
