<?xml version="1.0" encoding="UTF-8"?>
<!-- Generated by org.testng.reporters.JUnitReportReporter -->
<testsuite hostname="DESKTOP-A5JFSKS" failures="0" tests="2" name="maven_practice.mavenPractice" time="0.032" errors="0" timestamp="18 Jul 2022 10:07:50 GMT">
  <testcase classname="maven_practice.mavenPractice" name="practiceTest1" time="0.024"/>
  <testcase classname="maven_practice.mavenPractice" name="practiceTest2" time="0.008"/>
</testsuite> <!-- maven_practice.mavenPractice -->
