<?xml version="1.0" encoding="UTF-8"?>
<!-- Generated by org.testng.reporters.JUnitReportReporter -->
<testsuite hostname="DESKTOP-A5JFSKS" failures="0" tests="1" name="com.test.MavenPractice.mavenPractice1Test" time="0.022" errors="0" timestamp="18 Jul 2022 11:02:00 GMT">
  <testcase classname="com.test.MavenPractice.mavenPractice1Test" name="f" time="0.022"/>
</testsuite> <!-- com.test.MavenPractice.mavenPractice1Test -->
