<?xml version="1.0" encoding="UTF-8"?>
<!-- Generated by org.testng.reporters.JUnitReportReporter -->
<testsuite hostname="DESKTOP-A5JFSKS" failures="0" tests="2" name="com.test.MavenPractice.mavenPractice" time="0.030" errors="0" timestamp="19 Jul 2022 04:59:47 GMT">
  <testcase classname="com.test.MavenPractice.mavenPractice" name="practiceTest1" time="0.027"/>
  <testcase classname="com.test.MavenPractice.mavenPractice" name="practiceTest2" time="0.003"/>
</testsuite> <!-- com.test.MavenPractice.mavenPractice -->
