<?xml version="1.0" encoding="UTF-8"?>
<!-- Generated by org.testng.reporters.JUnitReportReporter -->
<testsuite hostname="DESKTOP-A5JFSKS" failures="0" tests="2" name="com.test.MavenPractice.mavenPractice2" time="0.007" errors="0" timestamp="19 Jul 2022 11:38:27 GMT">
  <testcase classname="com.test.MavenPractice.mavenPractice2" name="practiceTest2" time="0.002"/>
  <testcase classname="com.test.MavenPractice.mavenPractice2" name="practiceTest" time="0.005"/>
</testsuite> <!-- com.test.MavenPractice.mavenPractice2 -->
