<?xml version="1.0" encoding="UTF-8"?>
<!-- Generated by org.testng.reporters.JUnitReportReporter -->
<testsuite hostname="DESKTOP-A5JFSKS" failures="0" tests="2" name="com.test.MavenPractice.mavenPractice2" time="0.034" errors="0" timestamp="19 Jul 2022 09:28:14 GMT">
  <testcase classname="com.test.MavenPractice.mavenPractice2" name="practiceTest" time="0.030"/>
  <testcase classname="com.test.MavenPractice.mavenPractice2" name="practiceTest2" time="0.004"/>
</testsuite> <!-- com.test.MavenPractice.mavenPractice2 -->
