<?xml version="1.0" encoding="UTF-8"?>
<!-- Generated by org.testng.reporters.JUnitReportReporter -->
<testsuite hostname="DESKTOP-A5JFSKS" failures="0" tests="2" name="com.test.MavenPractice.mavenPractice1" time="0.006" errors="0" timestamp="19 Jul 2022 11:38:27 GMT">
  <testcase classname="com.test.MavenPractice.mavenPractice1" name="mavenPractice2Test" time="0.003"/>
  <testcase classname="com.test.MavenPractice.mavenPractice1" name="mavenPracticeTest" time="0.003"/>
</testsuite> <!-- com.test.MavenPractice.mavenPractice1 -->
