<?xml version="1.0" encoding="UTF-8"?>
<!-- Generated by org.testng.reporters.JUnitReportReporter -->
<testsuite hostname="DESKTOP-A5JFSKS" failures="0" tests="2" name="com.test.MavenPractice.mavenPractice2" time="0.032" errors="0" timestamp="18 Jul 2022 18:19:00 GMT">
  <testcase classname="com.test.MavenPractice.mavenPractice2" name="practiceTest" time="0.028"/>
  <testcase classname="com.test.MavenPractice.mavenPractice2" name="practiceTest2" time="0.004"/>
</testsuite> <!-- com.test.MavenPractice.mavenPractice2 -->
